Arguments: 
  D:\nodejs\node.exe C:\Users\MOHAMMADREZA\AppData\Roaming\npm\node_modules\yarn\bin\yarn.js add jalali-moment

PATH: 
  C:\Program Files (x86)\Razer Chroma SDK\bin;C:\Program Files\Razer Chroma SDK\bin;C:\Program Files (x86)\Razer\ChromaBroadcast\bin;C:\Program Files\Razer\ChromaBroadcast\bin;C:\Program Files (x86)\Common Files\Intel\Shared Libraries\redist\intel64\compiler;C:\Program Files (x86)\EasyPHP-DevServer-14.1VC11\binaries\php\php_runningversion;C:\Program Files (x86)\NVIDIA Corporation\PhysX\Common;C:\Windows\system32;C:\Windows;C:\Windows\System32\Wbem;C:\Windows\System32\WindowsPowerShell\v1.0\;C:\Windows\System32\OpenSSH\;C:\Program Files\Intel\WiFi\bin\;C:\Program Files\Common Files\Intel\WirelessCommon\;C:\Program Files\dotnet\;C:\Program Files\Microsoft SQL Server\130\Tools\Binn\;C:\Program Files\Microsoft SQL Server\Client SDK\ODBC\170\Tools\Binn\;C:\Program Files (x86)\Microsoft SQL Server\140\Tools\Binn\;C:\Program Files\Microsoft SQL Server\140\Tools\Binn\;C:\Program Files\Microsoft SQL Server\Client SDK\ODBC\130\Tools\Binn\;C:\Program Files\Microsoft SQL Server\140\DTS\Binn\;C:\Program Files (x86)\Microsoft SQL Server\150\DTS\Binn\;C:\Program Files (x86)\dotnet\;C:\Users\MOHAMMADREZA\AppData\Local\Microsoft\WindowsApps;C:\Users\MOHAMMADREZA\.dotnet\tools;C:\Users\MOHAMMADREZA\AppData\Local\Programs\Microsoft VS Code\bin;C:\Windows\system32\config\systemprofile\AppData\Local\Microsoft\WindowsApps;C:\WINDOWS\system32;C:\WINDOWS;C:\WINDOWS\System32\Wbem;C:\WINDOWS\System32\WindowsPowerShell\v1.0\;C:\WINDOWS\System32\OpenSSH\;D:\Git\cmd;D:\nodejs\;C:\Users\MOHAMMADREZA\AppData\Local\Microsoft\WindowsApps;C:\Users\MOHAMMADREZA\.dotnet\tools;C:\Users\MOHAMMADREZA\AppData\Local\Programs\Microsoft VS Code\bin;C:\Users\MOHAMMADREZA\AppData\Roaming\npm

Yarn version: 
  1.22.19

Node version: 
  16.16.0

Platform: 
  win32 x64

Trace: 
  Error: https://registry.yarnpkg.com/date-fns/-/date-fns-2.29.3.tgz: ESOCKETTIMEDOUT
      at ClientRequest.<anonymous> (C:\Users\MOHAMMADREZA\AppData\Roaming\npm\node_modules\yarn\lib\cli.js:141517:19)
      at Object.onceWrapper (node:events:641:28)
      at ClientRequest.emit (node:events:527:28)
      at TLSSocket.emitRequestTimeout (node:_http_client:771:9)
      at Object.onceWrapper (node:events:641:28)
      at TLSSocket.emit (node:events:539:35)
      at TLSSocket.Socket._onTimeout (node:net:516:8)
      at listOnTimeout (node:internal/timers:559:17)
      at processTimers (node:internal/timers:502:7)

npm manifest: 
  {
    "name": "app",
    "version": "0.1.0",
    "private": true,
    "dependencies": {
      "@ant-design/icons": "^4.8.0",
      "@fortawesome/fontawesome-svg-core": "^6.2.1",
      "@fortawesome/free-regular-svg-icons": "^6.2.1",
      "@fortawesome/free-solid-svg-icons": "^6.2.1",
      "@fortawesome/react-fontawesome": "^0.2.0",
      "@reduxjs/toolkit": "^1.8.5",
      "@testing-library/jest-dom": "^5.16.5",
      "@testing-library/react": "^13.4.0",
      "@testing-library/user-event": "^13.5.0",
      "antd": "^4.23.3",
      "axios": "^0.27.2",
      "babel-plugin-macros": "^3.1.0",
      "bootstrap": "^5.2.1",
      "persianjs": "^0.4.0",
      "react": "^18.2.0",
      "react-dom": "^18.2.0",
      "react-number-format": "^5.1.1",
      "react-redux": "^8.0.4",
      "react-router-dom": "^6.4.1",
      "react-scripts": "5.0.1",
      "react-top-loading-bar": "^2.3.1",
      "reactstrap": "^9.1.4",
      "redux": "^4.2.0",
      "swiper": "^8.4.2",
      "web-vitals": "^2.1.4"
    },
    "scripts": {
      "start": "react-scripts start",
      "build": "react-scripts build",
      "test": "react-scripts test",
      "eject": "react-scripts eject"
    },
    "eslintConfig": {
      "extends": [
        "react-app",
        "react-app/jest"
      ]
    },
    "browserslist": {
      "production": [
        ">0.2%",
        "not dead",
        "not op_mini all"
      ],
      "development": [
        "last 1 chrome version",
        "last 1 firefox version",
        "last 1 safari version"
      ]
    }
  }

yarn manifest: 
  No manifest

Lockfile: 
  No lockfile
